<?xml version="1.0" encoding="UTF-8"?>
<testng-results ignored="0" total="1" passed="1" failed="0" skipped="0">
  <reporter-output>
  </reporter-output>
  <suite started-at="2025-07-10T16:59:24 IST" name="Suite" finished-at="2025-07-10T16:59:36 IST" duration-ms="12512">
    <groups>
    </groups>
    <test started-at="2025-07-10T16:59:24 IST" name="chromeTest" finished-at="2025-07-10T16:59:36 IST" duration-ms="12512">
      <class name="TestCases.TC001_LoginTest">
        <test-method is-config="true" signature="setUp(java.lang.String,java.lang.String)[pri:0, instance:TestCases.TC001_LoginTest@10993713]" started-at="2025-07-10T16:59:24 IST" name="setUp" finished-at="2025-07-10T16:59:32 IST" duration-ms="7558" status="PASS">
          <params>
            <param index="0">
              <value>
                <![CDATA[windows]]>
              </value>
            </param>
            <param index="1">
              <value>
                <![CDATA[chrome]]>
              </value>
            </param>
          </params>
          <reporter-output>
          </reporter-output>
        </test-method> <!-- setUp -->
        <test-method signature="verify_LoginTest()[pri:0, instance:TestCases.TC001_LoginTest@10993713]" started-at="2025-07-10T16:59:32 IST" name="verify_LoginTest" finished-at="2025-07-10T16:59:36 IST" duration-ms="4364" status="PASS">
          <reporter-output>
          </reporter-output>
        </test-method> <!-- verify_LoginTest -->
        <test-method is-config="true" signature="tearDown()[pri:0, instance:TestCases.TC001_LoginTest@10993713]" started-at="2025-07-10T16:59:36 IST" name="tearDown" finished-at="2025-07-10T16:59:36 IST" duration-ms="355" status="PASS">
          <reporter-output>
          </reporter-output>
        </test-method> <!-- tearDown -->
      </class> <!-- TestCases.TC001_LoginTest -->
    </test> <!-- chromeTest -->
  </suite> <!-- Suite -->
</testng-results>
